----------------------------- Extract sql_database -----------------------------
Resources: 0/2 (0.0%) | Time: 0.00s | Rate: 0.00/s

----------------------------- Extract sql_database -----------------------------
Resources: 0/2 (0.0%) | Time: 3.87s | Rate: 0.00/s
employees: 0  | Time: 0.00s | Rate: 0.00/s

----------------------------- Extract sql_database -----------------------------
Resources: 0/2 (0.0%) | Time: 7.84s | Rate: 0.00/s
employees: 0  | Time: 3.97s | Rate: 0.00/s
customers: 129  | Time: 0.00s | Rate: 14238558.32/s

----------------------------- Extract sql_database -----------------------------
Resources: 2/2 (100.0%) | Time: 8.67s | Rate: 0.23/s
employees: 0  | Time: 4.80s | Rate: 0.00/s
customers: 129  | Time: 0.83s | Rate: 155.29/s

----------------- Normalize sql_database in 1753422617.7782798 -----------------
Files: 0/1 (0.0%) | Time: 0.00s | Rate: 0.00/s

----------------- Normalize sql_database in 1753422617.7782798 -----------------
Files: 0/1 (0.0%) | Time: 0.00s | Rate: 0.00/s
Items: 0  | Time: 0.00s | Rate: 0.00/s

----------------- Normalize sql_database in 1753422617.7782798 -----------------
Files: 1/1 (100.0%) | Time: 0.01s | Rate: 89.53/s
Items: 129  | Time: 0.01s | Rate: 11585.73/s

------------------- Load sql_database in 1753422617.7782798 --------------------
Jobs: 0/1 (0.0%) | Time: 0.00s | Rate: 0.00/s

------------------- Load sql_database in 1753422617.7782798 --------------------
Jobs: 0/1 (0.0%) | Time: 4.87s | Rate: 0.00/s

------------------- Load sql_database in 1753422617.7782798 --------------------
Jobs: 1/1 (100.0%) | Time: 5.84s | Rate: 0.17/s

